TN:
SF:C:\Users\Hol1low\git\ikarol-ang15\client\app\content-part\home-page\home-page.component.js
FN:11,(anonymous_1)
FN:15,(anonymous_2)
FNF:2
FNH:2
FNDA:1,(anonymous_1)
FNDA:1,(anonymous_2)
DA:7,1
DA:14,1
DA:15,1
DA:17,1
DA:18,1
DA:21,1
LF:6
LH:6
BRF:0
BRH:0
end_of_record
TN:
SF:C:\Users\Hol1low\git\ikarol-ang15\client\app\content-part\home-page\home-page.component.spec.js
FN:2,(anonymous_1)
FN:4,(anonymous_2)
FN:11,(anonymous_3)
FN:17,(anonymous_4)
FNF:4
FNH:4
FNDA:1,(anonymous_1)
FNDA:1,(anonymous_2)
FNDA:1,(anonymous_3)
FNDA:1,(anonymous_4)
DA:2,1
DA:3,1
DA:4,1
DA:5,1
DA:7,1
DA:11,1
DA:13,1
DA:14,1
DA:15,1
DA:17,1
DA:19,1
DA:20,1
DA:22,1
LF:13
LH:13
BRF:0
BRH:0
end_of_record
TN:
SF:C:\Users\Hol1low\git\ikarol-ang15\client\app\content-part\home-page\home-page.service.js
FN:3,(anonymous_1)
FN:4,(anonymous_2)
FN:7,(anonymous_3)
FN:8,(anonymous_4)
FNF:4
FNH:4
FNDA:3,(anonymous_1)
FNDA:2,(anonymous_2)
FNDA:4,(anonymous_3)
FNDA:23,(anonymous_4)
DA:2,1
DA:4,3
DA:6,2
DA:7,2
DA:8,4
DA:10,23
DA:11,1
DA:15,2
LF:8
LH:8
BRDA:10,1,0,1
BRDA:10,1,1,22
BRDA:10,2,0,23
BRDA:10,2,1,1
BRF:4
BRH:4
end_of_record
TN:
SF:C:\Users\Hol1low\git\ikarol-ang15\client\app\content-part\home-page\home-page.service.spec.js
FN:2,(anonymous_1)
FN:16,(anonymous_2)
FN:20,(anonymous_3)
FN:24,(anonymous_4)
FNF:4
FNH:4
FNDA:1,(anonymous_1)
FNDA:2,(anonymous_2)
FNDA:1,(anonymous_3)
FNDA:1,(anonymous_4)
DA:2,1
DA:4,1
DA:13,1
DA:14,1
DA:16,1
DA:17,2
DA:20,1
DA:21,1
DA:24,1
DA:25,1
LF:10
LH:10
BRF:0
BRH:0
end_of_record
TN:
SF:C:\Users\Hol1low\git\ikarol-ang15\client\app\content-part\list-of-tasks\list-of-tasks.component.js
FN:13,(anonymous_1)
FN:16,(anonymous_2)
FN:17,(anonymous_3)
FN:31,(anonymous_4)
FN:35,(anonymous_5)
FN:40,(anonymous_6)
FN:45,(anonymous_7)
FN:46,(anonymous_8)
FN:52,(anonymous_9)
FN:57,(anonymous_10)
FN:58,(anonymous_11)
FN:65,(anonymous_12)
FN:73,(anonymous_13)
FN:81,(anonymous_14)
FN:82,(anonymous_15)
FN:89,(anonymous_16)
FNF:16
FNH:3
FNDA:1,(anonymous_1)
FNDA:1,(anonymous_2)
FNDA:1,(anonymous_3)
FNDA:0,(anonymous_4)
FNDA:0,(anonymous_5)
FNDA:0,(anonymous_6)
FNDA:0,(anonymous_7)
FNDA:0,(anonymous_8)
FNDA:0,(anonymous_9)
FNDA:0,(anonymous_10)
FNDA:0,(anonymous_11)
FNDA:0,(anonymous_12)
FNDA:0,(anonymous_13)
FNDA:0,(anonymous_14)
FNDA:0,(anonymous_15)
FNDA:0,(anonymous_16)
DA:7,1
DA:14,1
DA:16,1
DA:17,1
DA:18,1
DA:22,1
DA:24,1
DA:26,1
DA:29,1
DA:31,1
DA:32,0
DA:35,1
DA:36,0
DA:37,0
DA:40,1
DA:41,0
DA:45,1
DA:46,0
DA:47,0
DA:48,0
DA:52,1
DA:53,0
DA:57,1
DA:58,0
DA:59,0
DA:60,0
DA:65,1
DA:66,0
DA:73,0
DA:74,0
DA:75,0
DA:77,0
DA:78,0
DA:81,1
DA:82,0
DA:87,1
DA:88,1
DA:89,1
DA:90,0
LF:39
LH:20
BRDA:41,1,0,0
BRDA:41,1,1,0
BRF:2
BRH:0
end_of_record
TN:
SF:C:\Users\Hol1low\git\ikarol-ang15\client\app\content-part\list-of-tasks\list-of-tasks.component.spec.js
FN:2,(anonymous_1)
FN:4,(anonymous_2)
FN:32,(anonymous_3)
FN:39,(anonymous_4)
FNF:4
FNH:4
FNDA:1,(anonymous_1)
FNDA:1,(anonymous_2)
FNDA:1,(anonymous_3)
FNDA:1,(anonymous_4)
DA:2,1
DA:3,1
DA:4,1
DA:6,1
DA:8,1
DA:32,1
DA:33,1
DA:34,1
DA:35,1
DA:39,1
DA:40,1
DA:41,1
DA:42,1
LF:13
LH:13
BRF:0
BRH:0
end_of_record
TN:
SF:C:\Users\Hol1low\git\ikarol-ang15\client\app\content-part\list-of-tasks\list-of-tasks.constant.js
FNF:0
FNH:0
DA:4,1
LF:1
LH:1
BRF:0
BRH:0
end_of_record
TN:
SF:C:\Users\Hol1low\git\ikarol-ang15\client\app\content-part\list-of-tasks\list-of-tasks.service.js
FN:5,(anonymous_1)
FNF:1
FNH:1
FNDA:2,(anonymous_1)
DA:4,1
DA:6,2
LF:2
LH:2
BRF:0
BRH:0
end_of_record
TN:
SF:C:\Users\Hol1low\git\ikarol-ang15\client\app\content-part\list-of-tasks\list-of-tasks.service.spec.js
FN:2,(anonymous_1)
FN:6,(anonymous_2)
FN:10,(anonymous_3)
FNF:3
FNH:3
FNDA:1,(anonymous_1)
FNDA:1,(anonymous_2)
FNDA:1,(anonymous_3)
DA:2,1
DA:3,1
DA:4,1
DA:6,1
DA:7,1
DA:10,1
DA:11,1
LF:7
LH:7
BRF:0
BRH:0
end_of_record
